Loading source files for package main...
Constructing Javadoc information...
Building index for all the packages and classes...
Standard Doclet version 17.0.4.1+9-LTS
Building tree for all the packages and classes...
Generating doc\main\GameController.html...
src\main\GameController.java:147: warning: no comment
	public void initializeClientServerComs(int c) {
	            ^
Generating doc\main\GameModel.html...
Generating doc\main\GameView.html...
Generating doc\main\RunGame.html...
Generating doc\main\package-summary.html...
Generating doc\main\package-tree.html...
Generating doc\serialized-form.html...
Generating doc\overview-tree.html...
Building index for all classes...
Generating doc\allclasses-index.html...
Generating doc\allpackages-index.html...
Generating doc\index-all.html...
Generating doc\index.html...
Generating doc\help-doc.html...
1 warning
