added manifest
adding: assets/(in = 0) (out= 0)(stored 0%)
adding: assets/Black_Clear.png(in = 1175) (out= 1168)(deflated 0%)
adding: assets/Connect4_Logo.png(in = 11081) (out= 10812)(deflated 2%)
adding: assets/Red_Clear.png(in = 1476) (out= 1468)(deflated 0%)
adding: assets/clearBlue.png(in = 1973) (out= 1978)(deflated 0%)
adding: assets/darkBlue.png(in = 1952) (out= 1957)(deflated 0%)
adding: assets/redBlue.png(in = 1993) (out= 1998)(deflated 0%)
adding: clientserver/(in = 0) (out= 0)(stored 0%)
adding: clientserver/Client.class(in = 2925) (out= 1472)(deflated 49%)
adding: clientserver/Network$1.class(in = 1798) (out= 958)(deflated 46%)
adding: clientserver/Network$2.class(in = 1064) (out= 664)(deflated 37%)
adding: clientserver/Network.class(in = 6905) (out= 2993)(deflated 56%)
adding: clientserver/Server.class(in = 3026) (out= 1527)(deflated 49%)
adding: components/(in = 0) (out= 0)(stored 0%)
adding: components/gameboard/(in = 0) (out= 0)(stored 0%)
adding: components/gameboard/GameBoard.class(in = 4736) (out= 2408)(deflated 49%)
adding: components/gameboard/GameBoardController.class(in = 8237) (out= 3809)(deflated 53%)
adding: components/gameboard/GameBoardModel.class(in = 3036) (out= 1574)(deflated 48%)
adding: components/gamechat/(in = 0) (out= 0)(stored 0%)
adding: components/gamechat/GameChat.class(in = 3370) (out= 1755)(deflated 47%)
adding: components/gamechat/GameChatController$ChatListener.class(in = 2702) (out= 1197)(deflated 55%)
adding: components/gamechat/GameChatController.class(in = 3746) (out= 1734)(deflated 53%)
adding: components/gamechat/GameChatModel.class(in = 1429) (out= 712)(deflated 50%)
adding: components/gametitle/(in = 0) (out= 0)(stored 0%)
adding: components/gametitle/GameTitle.class(in = 1296) (out= 750)(deflated 42%)
adding: components/menubar/(in = 0) (out= 0)(stored 0%)
adding: components/menubar/MenuBar.class(in = 11690) (out= 5461)(deflated 53%)
adding: components/menubar/MenuBarController.class(in = 9852) (out= 4103)(deflated 58%)
adding: components/playerarea/(in = 0) (out= 0)(stored 0%)
adding: components/playerarea/ControllableTimer.class(in = 1859) (out= 1016)(deflated 45%)
adding: components/playerarea/PlayerArea.class(in = 5097) (out= 2564)(deflated 49%)
adding: components/playerarea/PlayerAreaController.class(in = 4681) (out= 2239)(deflated 52%)
adding: components/playerarea/PlayerAreaModel.class(in = 1238) (out= 631)(deflated 49%)
adding: main/(in = 0) (out= 0)(stored 0%)
adding: main/GameController.class(in = 6009) (out= 2844)(deflated 52%)
adding: main/GameModel.class(in = 1331) (out= 600)(deflated 54%)
adding: main/GameView.class(in = 2964) (out= 1553)(deflated 47%)
adding: main/RunGame.class(in = 453) (out= 313)(deflated 30%)
adding: messagebundles/(in = 0) (out= 0)(stored 0%)
adding: messagebundles/MessageBundle_en.properties(in = 450) (out= 252)(deflated 44%)
adding: messagebundles/MessageBundle_fr.properties(in = 502) (out= 312)(deflated 37%)
adding: observers/(in = 0) (out= 0)(stored 0%)
adding: observers/ConnectionObserver.class(in = 564) (out= 260)(deflated 53%)
adding: observers/GameObserver.class(in = 493) (out= 255)(deflated 48%)
adding: observers/IncomingObserver.class(in = 463) (out= 235)(deflated 49%)
adding: observers/OutgoingObserver.class(in = 402) (out= 244)(deflated 39%)
