added manifest
adding: assets/(in = 0) (out= 0)(stored 0%)
adding: assets/Black_Clear.png(in = 1175) (out= 1168)(deflated 0%)
adding: assets/Connect4_Logo.png(in = 11081) (out= 10812)(deflated 2%)
adding: assets/Red_Clear.png(in = 1476) (out= 1468)(deflated 0%)
adding: assets/clearBlue.png(in = 1973) (out= 1978)(deflated 0%)
adding: assets/darkBlue.png(in = 1952) (out= 1957)(deflated 0%)
adding: assets/redBlue.png(in = 1993) (out= 1998)(deflated 0%)
adding: components/(in = 0) (out= 0)(stored 0%)
adding: components/gameboard/(in = 0) (out= 0)(stored 0%)
adding: components/gameboard/GameBoard.class(in = 2225) (out= 1234)(deflated 44%)
adding: components/gamechat/(in = 0) (out= 0)(stored 0%)
adding: components/gamechat/GameChat.class(in = 2983) (out= 1590)(deflated 46%)
adding: components/gametitle/(in = 0) (out= 0)(stored 0%)
adding: components/gametitle/GameTitle.class(in = 1111) (out= 651)(deflated 41%)
adding: components/menuBar/(in = 0) (out= 0)(stored 0%)
adding: components/menuBar/MenuBar.class(in = 2165) (out= 1167)(deflated 46%)
adding: components/playerarea/(in = 0) (out= 0)(stored 0%)
adding: components/playerarea/PlayerArea.class(in = 4253) (out= 2187)(deflated 48%)
adding: main/(in = 0) (out= 0)(stored 0%)
adding: main/RunGame.class(in = 2236) (out= 1280)(deflated 42%)
